<?xml version="1.0" encoding="UTF-8"?>
<!-- Generated by org.testng.reporters.JUnitReportReporter -->
<testsuite hostname="LAPTOP-28BM3ARG" failures="0" tests="1" name="assignment2.POST" time="5.026" errors="0" timestamp="2022-02-03T13:48:34 IST" skipped="0">
  <testcase classname="assignment2.POST" name="test1" time="5.026"/>
  <system-out/>
</testsuite> <!-- assignment2.POST -->
