<?xml version="1.0" encoding="UTF-8"?>
<!-- Generated by org.testng.reporters.JUnitReportReporter -->
<testsuite hostname="LAPTOP-28BM3ARG" failures="0" tests="1" name="assignment2.PUT" time="2.169" errors="0" timestamp="2022-02-02T15:33:05 IST" skipped="0">
  <testcase classname="assignment2.PUT" name="test_1" time="2.169"/>
  <system-out/>
</testsuite> <!-- assignment2.PUT -->
