<?xml version="1.0" encoding="UTF-8"?>
<!-- Generated by org.testng.reporters.JUnitReportReporter -->
<testsuite hostname="LAPTOP-28BM3ARG" failures="0" tests="1" name="assignment2.DELETE" time="4.631" errors="0" timestamp="2022-02-03T13:45:06 IST" skipped="0">
  <testcase classname="assignment2.DELETE" name="test_01" time="4.631"/>
  <system-out/>
</testsuite> <!-- assignment2.DELETE -->
