<?xml version="1.0" encoding="UTF-8"?>
<!-- Generated by org.testng.reporters.JUnitReportReporter -->
<testsuite hostname="LAPTOP-28BM3ARG" failures="0" tests="1" name="assignment2.restAssured" time="2.281" errors="0" timestamp="2022-02-02T14:00:20 IST" skipped="0">
  <testcase classname="assignment2.restAssured" name="test1" time="2.281"/>
  <system-out/>
</testsuite> <!-- assignment2.restAssured -->
