<?xml version="1.0" encoding="UTF-8"?>
<!-- Generated by org.testng.reporters.JUnitReportReporter -->
<testsuite hostname="LAPTOP-28BM3ARG" failures="0" tests="1" name="assignment2.GET" time="1.919" errors="0" timestamp="2022-02-02T18:45:06 IST" skipped="0">
  <testcase classname="assignment2.GET" name="test_01" time="1.919"/>
  <system-out/>
</testsuite> <!-- assignment2.GET -->
